Start testing: Apr 09 18:51 WIB
----------------------------------------------------------
1/1 Testing: test_all
1/1 Test: test_all
Command: "/home/soeromibergusti/Attitude-Math-Library/build-dir/test/AML_Test"
Directory: /home/soeromibergusti/Attitude-Math-Library/build-dir
"test_all" start time: Apr 09 18:51 WIB
Output:
----------------------------------------------------------
===============================================================================
All tests passed (30 assertions in 2 test cases)

<end of output>
Test time =   0.00 sec
----------------------------------------------------------
Test Passed.
"test_all" end time: Apr 09 18:51 WIB
"test_all" time elapsed: 00:00:00
----------------------------------------------------------

End testing: Apr 09 18:51 WIB
